<?xml version="1.0" encoding="UTF-8"?>
<!-- Generated by org.testng.reporters.JUnitReportReporter -->
<testsuite hostname="LAPTOP-SK9O6PC6" failures="0" tests="4" name="api.test.UserTests" time="11.117" errors="0" timestamp="2023-01-16T18:00:32 IST" skipped="0">
  <testcase classname="api.test.UserTests" name="testPostUser" time="3.139"/>
  <system-out/>
  <testcase classname="api.test.UserTests" name="testGetUserByName" time="2.218"/>
  <system-out/>
  <testcase classname="api.test.UserTests" name="testUpdateUser" time="3.845"/>
  <system-out/>
  <testcase classname="api.test.UserTests" name="testDeleteUser" time="1.915"/>
  <system-out/>
</testsuite> <!-- api.test.UserTests -->
