<?xml version="1.0" encoding="UTF-8"?>
<!-- Generated by org.testng.reporters.JUnitReportReporter -->
<testsuite hostname="LAPTOP-SK9O6PC6" failures="0" tests="6" name="api.test.DataDrivenTest" time="27.416" errors="0" timestamp="2023-01-16T18:00:32 IST" skipped="0">
  <testcase classname="api.test.DataDrivenTest" name="testPostUser" time="7.137"/>
  <system-out/>
  <testcase classname="api.test.DataDrivenTest" name="testPostUser" time="3.310"/>
  <system-out/>
  <testcase classname="api.test.DataDrivenTest" name="testPostUser" time="4.106"/>
  <system-out/>
  <testcase classname="api.test.DataDrivenTest" name="testDeleteUser" time="4.713"/>
  <system-out/>
  <testcase classname="api.test.DataDrivenTest" name="testDeleteUser" time="5.087"/>
  <system-out/>
  <testcase classname="api.test.DataDrivenTest" name="testDeleteUser" time="3.063"/>
  <system-out/>
</testsuite> <!-- api.test.DataDrivenTest -->
